Arguments: 
  /usr/local/bin/node /home/thomas/.yarn/releases/yarn-1.12.3.js add express pg ph-hstore express

PATH: 
  /home/thomas/.sdkman/candidates/gradle/current/bin:/home/thomas/.zinit/polaris/bin:/home/thomas/bin:/usr/local/bin:/home/thomas/.local/bin:/usr/local/sbin:/usr/local/bin:/usr/sbin:/usr/bin:/sbin:/bin:/usr/games:/usr/local/games:/snap/bin

Yarn version: 
  1.12.3

Node version: 
  10.15.3

Platform: 
  linux x64

Trace: 
  Error: https://registry.yarnpkg.com/ph-hstore: Not found
      at Request.params.callback [as _callback] (/home/thomas/.yarn/releases/yarn-1.12.3.js:66989:18)
      at Request.self.callback (/home/thomas/.yarn/releases/yarn-1.12.3.js:123521:22)
      at Request.emit (events.js:189:13)
      at Request.<anonymous> (/home/thomas/.yarn/releases/yarn-1.12.3.js:124493:10)
      at Request.emit (events.js:189:13)
      at IncomingMessage.<anonymous> (/home/thomas/.yarn/releases/yarn-1.12.3.js:124415:12)
      at Object.onceWrapper (events.js:277:13)
      at IncomingMessage.emit (events.js:194:15)
      at endReadableNT (_stream_readable.js:1125:12)
      at process._tickCallback (internal/process/next_tick.js:63:19)

npm manifest: 
  {
    "name": "back-end",
    "version": "1.0.0",
    "main": "index.js",
    "license": "MIT"
  }

yarn manifest: 
  No manifest

Lockfile: 
  No lockfile
